2016-11-19 10:50:08 [INFORMATION] [Multiverse-Core] - Version 2.4-b527 (API v14) Enabled - By Rigby, fernferret, lithium3141 and main--
2016-11-19 10:50:08 [INFORMATION] [Multiverse-Core] Loading World & Settings - 'world' - Env: NORMAL - Type: NORMAL & seed: -4382943971766479484
2016-11-19 10:50:08 [INFORMATION] [Multiverse-Core] Loading World & Settings - 'world_nether' - Env: NETHER - Type: NORMAL & seed: -4382943971766479484
2016-11-19 10:50:08 [WARNUNG] [Multiverse-Core] Spawn location from world.dat file was unsafe. Adjusting...
2016-11-19 10:50:08 [WARNUNG] [Multiverse-Core] Original Location: X: 0 Y: 0 Z: 0 P: 0 Y: 0 
2016-11-19 10:50:08 [SCHWERWIEGEND] [Multiverse-Core] New safe spawn NOT found!!!
2016-11-19 10:50:08 [INFORMATION] [Multiverse-Core] Loading World & Settings - 'world_the_end' - Env: THE_END - Type: NORMAL & seed: -4382943971766479484
2016-11-19 10:50:08 [WARNUNG] [Multiverse-Core] Spawn location from world.dat file was unsafe. Adjusting...
2016-11-19 10:50:08 [WARNUNG] [Multiverse-Core] Original Location: X: 0 Y: 0 Z: 0 P: 0 Y: 0 
2016-11-19 10:50:08 [INFORMATION] [Multiverse-Core] New Spawn for 'world_the_end' is Located at: world_the_end:0.00,59.00,0.00:0.00:0.00
2016-11-19 10:50:08 [INFORMATION] [Multiverse-Core] Loading World & Settings - 'world' - Env: NORMAL - Type: NORMAL & seed: -4382943971766479484
2016-11-19 10:50:08 [INFORMATION] [Multiverse-Core] Loading World & Settings - 'world_nether' - Env: NETHER - Type: NORMAL & seed: -4382943971766479484
2016-11-19 10:50:08 [WARNUNG] [Multiverse-Core] Spawn location from world.dat file was unsafe. Adjusting...
2016-11-19 10:50:08 [WARNUNG] [Multiverse-Core] Original Location: X: 0 Y: 0 Z: 0 P: 0 Y: 0 
2016-11-19 10:50:08 [SCHWERWIEGEND] [Multiverse-Core] New safe spawn NOT found!!!
2016-11-19 10:50:08 [INFORMATION] [Multiverse-Core] Loading World & Settings - 'world_the_end' - Env: THE_END - Type: NORMAL & seed: -4382943971766479484
2016-11-19 10:50:08 [INFORMATION] [Multiverse-Core] 3 - World(s) loaded.
2016-11-19 11:00:29 [INFORMATION] [Multiverse-Core] - Version 2.4-b527 (API v14) Enabled - By Rigby, fernferret, lithium3141 and main--
2016-11-19 11:00:29 [INFORMATION] [Multiverse-Core] Loading World & Settings - 'world' - Env: NORMAL - Type: NORMAL & seed: -4382943971766479484
2016-11-19 11:00:29 [INFORMATION] [Multiverse-Core] Loading World & Settings - 'world_nether' - Env: NETHER - Type: NORMAL & seed: -4382943971766479484
2016-11-19 11:00:29 [WARNUNG] [Multiverse-Core] Spawn location from world.dat file was unsafe. Adjusting...
2016-11-19 11:00:29 [WARNUNG] [Multiverse-Core] Original Location: X: 0 Y: 0 Z: 0 P: 0 Y: 0 
2016-11-19 11:00:29 [SCHWERWIEGEND] [Multiverse-Core] New safe spawn NOT found!!!
2016-11-19 11:00:29 [INFORMATION] [Multiverse-Core] Loading World & Settings - 'world_the_end' - Env: THE_END - Type: NORMAL & seed: -4382943971766479484
2016-11-19 11:00:29 [INFORMATION] [Multiverse-Core] 3 - World(s) loaded.
2016-11-19 11:05:18 [INFORMATION] [Multiverse-Core] - Version 2.4-b527 (API v14) Enabled - By Rigby, fernferret, lithium3141 and main--
2016-11-19 11:05:18 [INFORMATION] [Multiverse-Core] Loading World & Settings - 'world' - Env: NORMAL - Type: NORMAL & seed: -4382943971766479484
2016-11-19 11:05:18 [INFORMATION] [Multiverse-Core] Loading World & Settings - 'world_nether' - Env: NETHER - Type: NORMAL & seed: -4382943971766479484
2016-11-19 11:05:18 [WARNUNG] [Multiverse-Core] Spawn location from world.dat file was unsafe. Adjusting...
2016-11-19 11:05:18 [WARNUNG] [Multiverse-Core] Original Location: X: 0 Y: 0 Z: 0 P: 0 Y: 0 
2016-11-19 11:05:18 [SCHWERWIEGEND] [Multiverse-Core] New safe spawn NOT found!!!
2016-11-19 11:05:18 [INFORMATION] [Multiverse-Core] Loading World & Settings - 'world_the_end' - Env: THE_END - Type: NORMAL & seed: -4382943971766479484
2016-11-19 11:05:18 [INFORMATION] [Multiverse-Core] 3 - World(s) loaded.
2016-11-19 11:10:37 [INFORMATION] [Multiverse-Core] - Version 2.4-b527 (API v14) Enabled - By Rigby, fernferret, lithium3141 and main--
2016-11-19 11:10:37 [INFORMATION] [Multiverse-Core] Loading World & Settings - 'world' - Env: NORMAL - Type: NORMAL & seed: -4382943971766479484
2016-11-19 11:10:37 [INFORMATION] [Multiverse-Core] Loading World & Settings - 'world_nether' - Env: NETHER - Type: NORMAL & seed: -4382943971766479484
2016-11-19 11:10:37 [WARNUNG] [Multiverse-Core] Spawn location from world.dat file was unsafe. Adjusting...
2016-11-19 11:10:37 [WARNUNG] [Multiverse-Core] Original Location: X: 0 Y: 0 Z: 0 P: 0 Y: 0 
2016-11-19 11:10:37 [SCHWERWIEGEND] [Multiverse-Core] New safe spawn NOT found!!!
2016-11-19 11:10:37 [INFORMATION] [Multiverse-Core] Loading World & Settings - 'world_the_end' - Env: THE_END - Type: NORMAL & seed: -4382943971766479484
2016-11-19 11:10:37 [INFORMATION] [Multiverse-Core] 3 - World(s) loaded.
2016-11-19 11:17:10 [INFORMATION] [Multiverse-Core] - Version 2.4-b527 (API v14) Enabled - By Rigby, fernferret, lithium3141 and main--
2016-11-19 11:17:10 [INFORMATION] [Multiverse-Core] Loading World & Settings - 'world' - Env: NORMAL - Type: NORMAL & seed: -4382943971766479484
2016-11-19 11:17:10 [INFORMATION] [Multiverse-Core] Loading World & Settings - 'world_nether' - Env: NETHER - Type: NORMAL & seed: -4382943971766479484
2016-11-19 11:17:10 [WARNUNG] [Multiverse-Core] Spawn location from world.dat file was unsafe. Adjusting...
2016-11-19 11:17:10 [WARNUNG] [Multiverse-Core] Original Location: X: 0 Y: 0 Z: 0 P: 0 Y: 0 
2016-11-19 11:17:10 [SCHWERWIEGEND] [Multiverse-Core] New safe spawn NOT found!!!
2016-11-19 11:17:10 [INFORMATION] [Multiverse-Core] Loading World & Settings - 'world_the_end' - Env: THE_END - Type: NORMAL & seed: -4382943971766479484
2016-11-19 11:17:10 [INFORMATION] [Multiverse-Core] 3 - World(s) loaded.
2016-11-19 11:24:08 [INFORMATION] [Multiverse-Core] - Version 2.4-b527 (API v14) Enabled - By Rigby, fernferret, lithium3141 and main--
2016-11-19 11:24:08 [INFORMATION] [Multiverse-Core] Loading World & Settings - 'world' - Env: NORMAL - Type: NORMAL & seed: -4382943971766479484
2016-11-19 11:24:08 [INFORMATION] [Multiverse-Core] Loading World & Settings - 'world_nether' - Env: NETHER - Type: NORMAL & seed: -4382943971766479484
2016-11-19 11:24:08 [WARNUNG] [Multiverse-Core] Spawn location from world.dat file was unsafe. Adjusting...
2016-11-19 11:24:08 [WARNUNG] [Multiverse-Core] Original Location: X: 0 Y: 0 Z: 0 P: 0 Y: 0 
2016-11-19 11:24:08 [SCHWERWIEGEND] [Multiverse-Core] New safe spawn NOT found!!!
2016-11-19 11:24:08 [INFORMATION] [Multiverse-Core] Loading World & Settings - 'world_the_end' - Env: THE_END - Type: NORMAL & seed: -4382943971766479484
2016-11-19 11:24:08 [INFORMATION] [Multiverse-Core] 3 - World(s) loaded.
2016-11-19 11:25:44 [INFORMATION] [Multiverse-Core] - Version 2.4-b527 (API v14) Enabled - By Rigby, fernferret, lithium3141 and main--
2016-11-19 11:25:44 [INFORMATION] [Multiverse-Core] Loading World & Settings - 'world' - Env: NORMAL - Type: NORMAL & seed: -4382943971766479484
2016-11-19 11:25:44 [INFORMATION] [Multiverse-Core] Loading World & Settings - 'world_nether' - Env: NETHER - Type: NORMAL & seed: -4382943971766479484
2016-11-19 11:25:44 [WARNUNG] [Multiverse-Core] Spawn location from world.dat file was unsafe. Adjusting...
2016-11-19 11:25:44 [WARNUNG] [Multiverse-Core] Original Location: X: 0 Y: 0 Z: 0 P: 0 Y: 0 
2016-11-19 11:25:44 [SCHWERWIEGEND] [Multiverse-Core] New safe spawn NOT found!!!
2016-11-19 11:25:44 [INFORMATION] [Multiverse-Core] Loading World & Settings - 'world_the_end' - Env: THE_END - Type: NORMAL & seed: -4382943971766479484
2016-11-19 11:25:44 [INFORMATION] [Multiverse-Core] 3 - World(s) loaded.
2016-11-19 11:28:20 [INFORMATION] [Multiverse-Core] - Version 2.4-b527 (API v14) Enabled - By Rigby, fernferret, lithium3141 and main--
2016-11-19 11:28:20 [INFORMATION] [Multiverse-Core] Loading World & Settings - 'world' - Env: NORMAL - Type: NORMAL & seed: -4382943971766479484
2016-11-19 11:28:20 [INFORMATION] [Multiverse-Core] Loading World & Settings - 'world_nether' - Env: NETHER - Type: NORMAL & seed: -4382943971766479484
2016-11-19 11:28:20 [WARNUNG] [Multiverse-Core] Spawn location from world.dat file was unsafe. Adjusting...
2016-11-19 11:28:20 [WARNUNG] [Multiverse-Core] Original Location: X: 0 Y: 0 Z: 0 P: 0 Y: 0 
2016-11-19 11:28:20 [SCHWERWIEGEND] [Multiverse-Core] New safe spawn NOT found!!!
2016-11-19 11:28:20 [INFORMATION] [Multiverse-Core] Loading World & Settings - 'world_the_end' - Env: THE_END - Type: NORMAL & seed: -4382943971766479484
2016-11-19 11:28:20 [INFORMATION] [Multiverse-Core] 3 - World(s) loaded.
