[13:59:17] [Server thread/INFO]: Starting minecraft server version 1.8.8
[13:59:17] [Server thread/INFO]: Loading properties
[13:59:17] [Server thread/INFO]: Default game type: SURVIVAL
[13:59:18] [Server thread/INFO]: This server is running CraftBukkit version git-Spigot-5f38d38-18fbb24 (MC: 1.8.8) (Implementing API version 1.8.8-R0.1-SNAPSHOT)
[13:59:18] [Server thread/INFO]: Debug logging is disabled
[13:59:18] [Server thread/INFO]: Server Ping Player Sample Count: 12
[13:59:18] [Server thread/INFO]: Using 4 threads for Netty based IO
[13:59:18] [Server thread/INFO]: Generating keypair
[13:59:18] [Server thread/INFO]: Starting Minecraft server on *:25565
[13:59:18] [Server thread/INFO]: Using default channel type
[13:59:19] [Server thread/INFO]: Set PluginClassLoader as parallel capable
[13:59:19] [Server thread/INFO]: [CompletelyVanish] Loading CompletelyVanish v1.4
[13:59:19] [Server thread/INFO]: [HiveJumpPads] Loading HiveJumpPads v2.16
[13:59:19] [Server thread/INFO]: [MSG] Loading MSG v1.5
[13:59:19] [Server thread/INFO]: [WorldEdit] Loading WorldEdit v6.1;no_git_id
[13:59:19] [Server thread/INFO]: [GiveAll] Loading GiveAll v2.0b1
[13:59:19] [Server thread/INFO]: [SpawnTP] Loading SpawnTP v1.6
[13:59:19] [Server thread/INFO]: [Chestlock] Loading Chestlock v1.5
[13:59:19] [Server thread/INFO]: [ControlTPA] Loading ControlTPA v2.0
[13:59:19] [Server thread/INFO]: [KitPlugin] Loading KitPlugin v1.0
[13:59:19] [Server thread/INFO]: [ShopTeleport] Loading ShopTeleport v0.8.0
[13:59:19] [Server thread/INFO]: [SurvivalGames] Loading SurvivalGames v0.5.8.54
[13:59:19] [Server thread/INFO]: [EasyHome] Loading EasyHome v0.7
[13:59:19] [Server thread/INFO]: [Vault] Loading Vault v1.5.6-b49
[13:59:19] [Server thread/INFO]: [Multiverse-Core] Loading Multiverse-Core v2.4-b527
[13:59:19] [Server thread/INFO]: [WorldGuard] Loading WorldGuard v6.1
[13:59:19] [Server thread/INFO]: [Shop] Loading Shop v1.4.8
[13:59:19] [Server thread/INFO]: [Trade] Loading Trade v0.5.5b
[13:59:19] [Server thread/INFO]: [ServerSigns] Loading ServerSigns v4.4.1
[13:59:19] [Server thread/INFO]: [PvPManager] Loading PvPManager v3.0-SNAPSHOT-b190
[13:59:19] [Server thread/INFO]: [Vault] Enabling Vault v1.5.6-b49
[13:59:19] [Server thread/INFO]: [Vault] [Permission] SuperPermissions loaded as backup permission system.
[13:59:19] [Server thread/INFO]: [Vault] Enabled Version 1.5.6-b49
[13:59:19] [Server thread/INFO]: **** Beginning UUID conversion, this may take A LONG time ****
[13:59:19] [Server thread/INFO]: Preparing level "world"
[13:59:19] [Server thread/INFO]: -------- World Settings For [world] --------
[13:59:19] [Server thread/INFO]: View Distance: 10
[13:59:19] [Server thread/INFO]: Allow Zombie Pigmen to spawn from portal blocks: true
[13:59:19] [Server thread/INFO]: Item Despawn Rate: 6000
[13:59:19] [Server thread/INFO]: Item Merge Radius: 2.5
[13:59:19] [Server thread/INFO]: Arrow Despawn Rate: 1200
[13:59:19] [Server thread/INFO]: Zombie Aggressive Towards Villager: true
[13:59:19] [Server thread/INFO]: Chunks to Grow per Tick: 650
[13:59:19] [Server thread/INFO]: Clear tick list: false
[13:59:19] [Server thread/INFO]: Experience Merge Radius: 3.0
[13:59:19] [Server thread/INFO]: Hopper Transfer: 8 Hopper Check: 8 Hopper Amount: 1
[13:59:19] [Server thread/INFO]: Mob Spawn Range: 4
[13:59:19] [Server thread/INFO]: Nerfing mobs spawned from spawners: false
[13:59:19] [Server thread/INFO]: Entity Activation Range: An 32 / Mo 32 / Mi 16
[13:59:19] [Server thread/INFO]: Tile Max Tick Time: 50ms Entity max Tick Time: 50ms
[13:59:19] [Server thread/INFO]: Max TNT Explosions: 100
[13:59:19] [Server thread/INFO]: Cactus Growth Modifier: 100%
[13:59:19] [Server thread/INFO]: Cane Growth Modifier: 100%
[13:59:19] [Server thread/INFO]: Melon Growth Modifier: 100%
[13:59:19] [Server thread/INFO]: Mushroom Growth Modifier: 100%
[13:59:19] [Server thread/INFO]: Pumpkin Growth Modifier: 100%
[13:59:19] [Server thread/INFO]: Sapling Growth Modifier: 100%
[13:59:19] [Server thread/INFO]: Wheat Growth Modifier: 100%
[13:59:19] [Server thread/INFO]: NetherWart Growth Modifier: 100%
[13:59:19] [Server thread/INFO]: Sending up to 10 chunks per packet
[13:59:19] [Server thread/INFO]: Entity Tracking Range: Pl 48 / An 48 / Mo 48 / Mi 32 / Other 64
[13:59:19] [Server thread/INFO]: Random Lighting Updates: false
[13:59:19] [Server thread/INFO]: Structure Info Saving: true
[13:59:19] [Server thread/INFO]: Custom Map Seeds:  Village: 10387312 Feature: 14357617
[13:59:19] [Server thread/INFO]: Max Entity Collisions: 8
[13:59:19] [Server thread/INFO]: Anti X-Ray: true
[13:59:19] [Server thread/INFO]: 	Engine Mode: 1
[13:59:19] [Server thread/INFO]: 	Hidden Blocks: [14, 15, 16, 21, 48, 49, 54, 56, 73, 74, 82, 129, 130]
[13:59:19] [Server thread/INFO]: 	Replace Blocks: [1, 5]
[13:59:20] [Server thread/INFO]: -------- World Settings For [world_nether] --------
[13:59:20] [Server thread/INFO]: View Distance: 10
[13:59:20] [Server thread/INFO]: Allow Zombie Pigmen to spawn from portal blocks: true
[13:59:20] [Server thread/INFO]: Item Despawn Rate: 6000
[13:59:20] [Server thread/INFO]: Item Merge Radius: 2.5
[13:59:20] [Server thread/INFO]: Arrow Despawn Rate: 1200
[13:59:20] [Server thread/INFO]: Zombie Aggressive Towards Villager: true
[13:59:20] [Server thread/INFO]: Chunks to Grow per Tick: 650
[13:59:20] [Server thread/INFO]: Clear tick list: false
[13:59:20] [Server thread/INFO]: Experience Merge Radius: 3.0
[13:59:20] [Server thread/INFO]: Hopper Transfer: 8 Hopper Check: 8 Hopper Amount: 1
[13:59:20] [Server thread/INFO]: Mob Spawn Range: 4
[13:59:20] [Server thread/INFO]: Nerfing mobs spawned from spawners: false
[13:59:20] [Server thread/INFO]: Entity Activation Range: An 32 / Mo 32 / Mi 16
[13:59:20] [Server thread/INFO]: Tile Max Tick Time: 50ms Entity max Tick Time: 50ms
[13:59:20] [Server thread/INFO]: Max TNT Explosions: 100
[13:59:20] [Server thread/INFO]: Cactus Growth Modifier: 100%
[13:59:20] [Server thread/INFO]: Cane Growth Modifier: 100%
[13:59:20] [Server thread/INFO]: Melon Growth Modifier: 100%
[13:59:20] [Server thread/INFO]: Mushroom Growth Modifier: 100%
[13:59:20] [Server thread/INFO]: Pumpkin Growth Modifier: 100%
[13:59:20] [Server thread/INFO]: Sapling Growth Modifier: 100%
[13:59:20] [Server thread/INFO]: Wheat Growth Modifier: 100%
[13:59:20] [Server thread/INFO]: NetherWart Growth Modifier: 100%
[13:59:20] [Server thread/INFO]: Sending up to 10 chunks per packet
[13:59:20] [Server thread/INFO]: Entity Tracking Range: Pl 48 / An 48 / Mo 48 / Mi 32 / Other 64
[13:59:20] [Server thread/INFO]: Random Lighting Updates: false
[13:59:20] [Server thread/INFO]: Structure Info Saving: true
[13:59:20] [Server thread/INFO]: Custom Map Seeds:  Village: 10387312 Feature: 14357617
[13:59:20] [Server thread/INFO]: Max Entity Collisions: 8
[13:59:20] [Server thread/INFO]: Anti X-Ray: true
[13:59:20] [Server thread/INFO]: 	Engine Mode: 1
[13:59:20] [Server thread/INFO]: 	Hidden Blocks: [14, 15, 16, 21, 48, 49, 54, 56, 73, 74, 82, 129, 130]
[13:59:20] [Server thread/INFO]: 	Replace Blocks: [1, 5]
[13:59:20] [Server thread/INFO]: -------- World Settings For [world_the_end] --------
[13:59:20] [Server thread/INFO]: View Distance: 10
[13:59:20] [Server thread/INFO]: Allow Zombie Pigmen to spawn from portal blocks: true
[13:59:20] [Server thread/INFO]: Item Despawn Rate: 6000
[13:59:20] [Server thread/INFO]: Item Merge Radius: 2.5
[13:59:20] [Server thread/INFO]: Arrow Despawn Rate: 1200
[13:59:20] [Server thread/INFO]: Zombie Aggressive Towards Villager: true
[13:59:20] [Server thread/INFO]: Chunks to Grow per Tick: 650
[13:59:20] [Server thread/INFO]: Clear tick list: false
[13:59:20] [Server thread/INFO]: Experience Merge Radius: 3.0
[13:59:20] [Server thread/INFO]: Hopper Transfer: 8 Hopper Check: 8 Hopper Amount: 1
[13:59:20] [Server thread/INFO]: Mob Spawn Range: 4
[13:59:20] [Server thread/INFO]: Nerfing mobs spawned from spawners: false
[13:59:20] [Server thread/INFO]: Entity Activation Range: An 32 / Mo 32 / Mi 16
[13:59:20] [Server thread/INFO]: Tile Max Tick Time: 50ms Entity max Tick Time: 50ms
[13:59:20] [Server thread/INFO]: Max TNT Explosions: 100
[13:59:20] [Server thread/INFO]: Cactus Growth Modifier: 100%
[13:59:20] [Server thread/INFO]: Cane Growth Modifier: 100%
[13:59:20] [Server thread/INFO]: Melon Growth Modifier: 100%
[13:59:20] [Server thread/INFO]: Mushroom Growth Modifier: 100%
[13:59:20] [Server thread/INFO]: Pumpkin Growth Modifier: 100%
[13:59:20] [Server thread/INFO]: Sapling Growth Modifier: 100%
[13:59:20] [Server thread/INFO]: Wheat Growth Modifier: 100%
[13:59:20] [Server thread/INFO]: NetherWart Growth Modifier: 100%
[13:59:20] [Server thread/INFO]: Sending up to 10 chunks per packet
[13:59:20] [Server thread/INFO]: Entity Tracking Range: Pl 48 / An 48 / Mo 48 / Mi 32 / Other 64
[13:59:20] [Server thread/INFO]: Random Lighting Updates: false
[13:59:20] [Server thread/INFO]: Structure Info Saving: true
[13:59:20] [Server thread/INFO]: Custom Map Seeds:  Village: 10387312 Feature: 14357617
[13:59:20] [Server thread/INFO]: Max Entity Collisions: 8
[13:59:20] [Server thread/INFO]: Anti X-Ray: true
[13:59:20] [Server thread/INFO]: 	Engine Mode: 1
[13:59:20] [Server thread/INFO]: 	Hidden Blocks: [14, 15, 16, 21, 48, 49, 54, 56, 73, 74, 82, 129, 130]
[13:59:20] [Server thread/INFO]: 	Replace Blocks: [1, 5]
[13:59:20] [Server thread/INFO]: Preparing start region for level 0 (Seed: 1129481756477388917)
[13:59:20] [Server thread/INFO]: Preparing start region for level 1 (Seed: -6262443902633874979)
[13:59:21] [Server thread/INFO]: Preparing spawn area: 64%
[13:59:22] [Server thread/INFO]: Preparing start region for level 2 (Seed: -6262443902633874979)
[13:59:22] [Server thread/INFO]: [CompletelyVanish] Enabling CompletelyVanish v1.4
[13:59:22] [Server thread/INFO]: CompletelyVanish is now enabled!
[13:59:22] [Server thread/INFO]: [HiveJumpPads] Enabling HiveJumpPads v2.16
[13:59:22] [Server thread/INFO]: [Hive JumpPads] JumpPad-Config.yml does not exist!
[13:59:22] [Server thread/INFO]: --> Creating a new one.
[13:59:22] [Server thread/INFO]: [Hive JumpPads] config.yml does not exist!
[13:59:22] [Server thread/INFO]: --> Creating a new one.
[13:59:22] [Server thread/INFO]: [Hive JumpPads] messages.yml does not exist!
[13:59:22] [Server thread/INFO]: --> Creating a new one.
[13:59:22] [Server thread/INFO]: [Hive JumpPads] Trampoline-Config.yml does not exist!
[13:59:22] [Server thread/INFO]: --> Creating a new one.
[13:59:22] [Server thread/INFO]: [Hive JumpPads] Hive JumpPads v2.16 developed by Xenedor!
[13:59:22] [Server thread/INFO]: [Hive JumpPads] Hive JumpPads Successful loaded!
[13:59:22] [Server thread/INFO]: [MSG] Enabling MSG v1.5
[13:59:22] [Server thread/INFO]: [WorldEdit] Enabling WorldEdit v6.1;no_git_id
[13:59:22] [User Authenticator #1/INFO]: UUID of player philboy_YT is da841a65-ba7f-4a46-9e78-b7e678c4cb44
[13:59:23] [Server thread/INFO]: WEPIF: Using the Bukkit Permissions API.
[13:59:23] [Server thread/INFO]: [WorldEdit] Using com.sk89q.worldedit.bukkit.adapter.impl.Spigot_v1_8_R3 as the Bukkit adapter
[13:59:23] [Server thread/INFO]: [GiveAll] Enabling GiveAll v2.0b1
[13:59:23] [Server thread/INFO]: [GiveAll] Loading configuration file...
[13:59:23] [Server thread/INFO]: [GiveAll] version v2.0b1 is enabled.
[13:59:23] [Server thread/INFO]: [SpawnTP] Enabling SpawnTP v1.6
[13:59:23] [Server thread/INFO]: [Chestlock] Enabling Chestlock v1.5
[13:59:23] [Server thread/INFO]: [Chestlock] Chestlock is loading!
[13:59:23] [Server thread/INFO]: [ControlTPA] Enabling ControlTPA v2.0
[13:59:23] [Server thread/INFO]: [ControlTPA] ControlTPA by Terranova Productions! (Adzwoolly)
[13:59:23] [Server thread/INFO]: [KitPlugin] Enabling KitPlugin v1.0
[13:59:23] [Server thread/INFO]: [ShopTeleport] Enabling ShopTeleport v0.8.0
[13:59:23] [Server thread/INFO]: We are now checking for a new version!
[13:59:23] [Server thread/INFO]: ShopTeleport Version 0.8.0 Has Been Enabled!
[13:59:23] [Server thread/INFO]: [SurvivalGames] Enabling SurvivalGames v0.5.8.54
[13:59:23] [Server thread/INFO]: METRICS STARTING
[13:59:23] [Server thread/INFO]: [EasyHome] Enabling EasyHome v0.7
[13:59:23] [Server thread/INFO]: [Multiverse-Core] Enabling Multiverse-Core v2.4-b527
[13:59:24] [Server thread/INFO]: [Multiverse-Core] - Version 2.4-b527 (API v14) Enabled - By Rigby, fernferret, lithium3141 and main--
[13:59:24] [Server thread/INFO]: [AllPay] - Version 10.0 - using only an item based economy for Multiverse-Core v2.4-b527
[13:59:24] [Server thread/INFO]: [Multiverse-Core] Loading World & Settings - 'world' - Env: NORMAL - Type: FLAT & seed: 1129481756477388917
[13:59:24] [Server thread/INFO]: [Multiverse-Core] Loading World & Settings - 'world_nether' - Env: NETHER - Type: NORMAL & seed: -6262443902633874979
[13:59:24] [Server thread/INFO]: [Multiverse-Core] Loading World & Settings - 'world_the_end' - Env: THE_END - Type: NORMAL & seed: -6262443902633874979
[13:59:24] [Server thread/INFO]: [Multiverse-Core] Loading World & Settings - 'flatroom' - Env: NORMAL - Type: FLAT & seed: -8345631057393862235
[13:59:24] [Server thread/INFO]: -------- World Settings For [flatroom] --------
[13:59:24] [Server thread/INFO]: View Distance: 10
[13:59:24] [Server thread/INFO]: Allow Zombie Pigmen to spawn from portal blocks: true
[13:59:24] [Server thread/INFO]: Item Despawn Rate: 6000
[13:59:24] [Server thread/INFO]: Item Merge Radius: 2.5
[13:59:24] [Server thread/INFO]: Arrow Despawn Rate: 1200
[13:59:24] [Server thread/INFO]: Zombie Aggressive Towards Villager: true
[13:59:24] [Server thread/INFO]: Chunks to Grow per Tick: 650
[13:59:24] [Server thread/INFO]: Clear tick list: false
[13:59:24] [Server thread/INFO]: Experience Merge Radius: 3.0
[13:59:24] [Server thread/INFO]: Hopper Transfer: 8 Hopper Check: 8 Hopper Amount: 1
[13:59:24] [Server thread/INFO]: Mob Spawn Range: 4
[13:59:24] [Server thread/INFO]: Nerfing mobs spawned from spawners: false
[13:59:24] [Server thread/INFO]: Entity Activation Range: An 32 / Mo 32 / Mi 16
[13:59:24] [Server thread/INFO]: Tile Max Tick Time: 50ms Entity max Tick Time: 50ms
[13:59:24] [Server thread/INFO]: Max TNT Explosions: 100
[13:59:24] [Server thread/INFO]: Cactus Growth Modifier: 100%
[13:59:24] [Server thread/INFO]: Cane Growth Modifier: 100%
[13:59:24] [Server thread/INFO]: Melon Growth Modifier: 100%
[13:59:24] [Server thread/INFO]: Mushroom Growth Modifier: 100%
[13:59:24] [Server thread/INFO]: Pumpkin Growth Modifier: 100%
[13:59:24] [Server thread/INFO]: Sapling Growth Modifier: 100%
[13:59:24] [Server thread/INFO]: Wheat Growth Modifier: 100%
[13:59:24] [Server thread/INFO]: NetherWart Growth Modifier: 100%
[13:59:24] [Server thread/INFO]: Sending up to 10 chunks per packet
[13:59:24] [Server thread/INFO]: Entity Tracking Range: Pl 48 / An 48 / Mo 48 / Mi 32 / Other 64
[13:59:24] [Server thread/INFO]: Random Lighting Updates: false
[13:59:24] [Server thread/INFO]: Structure Info Saving: true
[13:59:24] [Server thread/INFO]: Custom Map Seeds:  Village: 10387312 Feature: 14357617
[13:59:24] [Server thread/INFO]: Max Entity Collisions: 8
[13:59:24] [Server thread/INFO]: Anti X-Ray: true
[13:59:24] [Server thread/INFO]: 	Engine Mode: 1
[13:59:24] [Server thread/INFO]: 	Hidden Blocks: [14, 15, 16, 21, 48, 49, 54, 56, 73, 74, 82, 129, 130]
[13:59:24] [Server thread/INFO]: 	Replace Blocks: [1, 5]
[13:59:24] [Server thread/INFO]: Preparing start region for level 3 (Seed: -8345631057393862235)
[13:59:24] [Server thread/INFO]: [Multiverse-Core] Loading World & Settings - 'QSG' - Env: NORMAL - Type: FLAT & seed: 6837355866920321100
[13:59:24] [Server thread/INFO]: -------- World Settings For [QSG] --------
[13:59:24] [Server thread/INFO]: View Distance: 10
[13:59:24] [Server thread/INFO]: Allow Zombie Pigmen to spawn from portal blocks: true
[13:59:24] [Server thread/INFO]: Item Despawn Rate: 6000
[13:59:24] [Server thread/INFO]: Item Merge Radius: 2.5
[13:59:24] [Server thread/INFO]: Arrow Despawn Rate: 1200
[13:59:24] [Server thread/INFO]: Zombie Aggressive Towards Villager: true
[13:59:24] [Server thread/INFO]: Chunks to Grow per Tick: 650
[13:59:24] [Server thread/INFO]: Clear tick list: false
[13:59:24] [Server thread/INFO]: Experience Merge Radius: 3.0
[13:59:24] [Server thread/INFO]: Hopper Transfer: 8 Hopper Check: 8 Hopper Amount: 1
[13:59:24] [Server thread/INFO]: Mob Spawn Range: 4
[13:59:24] [Server thread/INFO]: Nerfing mobs spawned from spawners: false
[13:59:24] [Server thread/INFO]: Entity Activation Range: An 32 / Mo 32 / Mi 16
[13:59:24] [Server thread/INFO]: Tile Max Tick Time: 50ms Entity max Tick Time: 50ms
[13:59:24] [Server thread/INFO]: Max TNT Explosions: 100
[13:59:24] [Server thread/INFO]: Cactus Growth Modifier: 100%
[13:59:24] [Server thread/INFO]: Cane Growth Modifier: 100%
[13:59:24] [Server thread/INFO]: Melon Growth Modifier: 100%
[13:59:24] [Server thread/INFO]: Mushroom Growth Modifier: 100%
[13:59:24] [Server thread/INFO]: Pumpkin Growth Modifier: 100%
[13:59:24] [Server thread/INFO]: Sapling Growth Modifier: 100%
[13:59:24] [Server thread/INFO]: Wheat Growth Modifier: 100%
[13:59:24] [Server thread/INFO]: NetherWart Growth Modifier: 100%
[13:59:24] [Server thread/INFO]: Sending up to 10 chunks per packet
[13:59:24] [Server thread/INFO]: Entity Tracking Range: Pl 48 / An 48 / Mo 48 / Mi 32 / Other 64
[13:59:24] [Server thread/INFO]: Random Lighting Updates: false
[13:59:24] [Server thread/INFO]: Structure Info Saving: true
[13:59:24] [Server thread/INFO]: Custom Map Seeds:  Village: 10387312 Feature: 14357617
[13:59:24] [Server thread/INFO]: Max Entity Collisions: 8
[13:59:24] [Server thread/INFO]: Anti X-Ray: true
[13:59:24] [Server thread/INFO]: 	Engine Mode: 1
[13:59:24] [Server thread/INFO]: 	Hidden Blocks: [14, 15, 16, 21, 48, 49, 54, 56, 73, 74, 82, 129, 130]
[13:59:24] [Server thread/INFO]: 	Replace Blocks: [1, 5]
[13:59:24] [Server thread/INFO]: Preparing start region for level 4 (Seed: 6837355866920321100)
[13:59:24] [Server thread/INFO]: [Multiverse-Core] 5 - World(s) loaded.
[13:59:24] [Server thread/INFO]: [WorldGuard] Enabling WorldGuard v6.1
[13:59:25] [Server thread/INFO]: [WorldGuard] (world) TNT ignition is PERMITTED.
[13:59:25] [Server thread/INFO]: [WorldGuard] (world) Lighters are PERMITTED.
[13:59:25] [Server thread/INFO]: [WorldGuard] (world) Lava fire is blocked.
[13:59:25] [Server thread/INFO]: [WorldGuard] (world) Fire spread is UNRESTRICTED.
[13:59:25] [Server thread/INFO]: [WorldGuard] Loaded configuration for world 'world'
[13:59:25] [Server thread/INFO]: [WorldGuard] (world_nether) TNT ignition is PERMITTED.
[13:59:25] [Server thread/INFO]: [WorldGuard] (world_nether) Lighters are PERMITTED.
[13:59:25] [Server thread/INFO]: [WorldGuard] (world_nether) Lava fire is blocked.
[13:59:25] [Server thread/INFO]: [WorldGuard] (world_nether) Fire spread is UNRESTRICTED.
[13:59:25] [Server thread/INFO]: [WorldGuard] Loaded configuration for world 'world_nether'
[13:59:25] [Server thread/INFO]: [WorldGuard] (world_the_end) TNT ignition is PERMITTED.
[13:59:25] [Server thread/INFO]: [WorldGuard] (world_the_end) Lighters are PERMITTED.
[13:59:25] [Server thread/INFO]: [WorldGuard] (world_the_end) Lava fire is blocked.
[13:59:25] [Server thread/INFO]: [WorldGuard] (world_the_end) Fire spread is UNRESTRICTED.
[13:59:25] [Server thread/INFO]: [WorldGuard] Loaded configuration for world 'world_the_end'
[13:59:25] [Server thread/INFO]: [WorldGuard] (flatroom) TNT ignition is PERMITTED.
[13:59:25] [Server thread/INFO]: [WorldGuard] (flatroom) Lighters are PERMITTED.
[13:59:25] [Server thread/INFO]: [WorldGuard] (flatroom) Lava fire is blocked.
[13:59:25] [Server thread/INFO]: [WorldGuard] (flatroom) Fire spread is UNRESTRICTED.
[13:59:25] [Server thread/INFO]: [WorldGuard] Loaded configuration for world 'flatroom'
[13:59:25] [Server thread/INFO]: [WorldGuard] (QSG) TNT ignition is PERMITTED.
[13:59:25] [Server thread/INFO]: [WorldGuard] (QSG) Lighters are PERMITTED.
[13:59:25] [Server thread/INFO]: [WorldGuard] (QSG) Lava fire is blocked.
[13:59:25] [Server thread/INFO]: [WorldGuard] (QSG) Fire spread is UNRESTRICTED.
[13:59:25] [Server thread/INFO]: [WorldGuard] Loaded configuration for world 'QSG'
[13:59:25] [Server thread/INFO]: [WorldGuard] Loading region data...
[13:59:25] [Server thread/INFO]: [Shop] Enabling Shop v1.4.8
[13:59:25] [Server thread/WARN]: [Shop] Default system encoding may have misread config.yml from plugin jar
[13:59:26] [Server thread/INFO]: [Shop] Shops will use emerald as the currency on the server.
[13:59:26] [Server thread/INFO]: [Trade] Enabling Trade v0.5.5b
[13:59:26] [Server thread/INFO]: [ServerSigns] Enabling ServerSigns v4.4.1
[13:59:26] [Server thread/INFO]: [ServerSigns] Version 4.4.1 is now enabled.
[13:59:26] [Server thread/INFO]: [PvPManager] Enabling PvPManager v3.0-SNAPSHOT-b190
[13:59:26] [Server thread/ERROR]: [PvPManager] Error! No Economy plugin found
[13:59:26] [Server thread/INFO]: [PvPManager] WorldGuard Found! Enabling WorldGuard Support
[13:59:26] [Server thread/INFO]: Server permissions file permissions.yml is empty, ignoring it
[13:59:26] [Server thread/INFO]: Done (6,498s)! For help, type "help" or "?"
[13:59:26] [Server thread/INFO]: [PvPManager] Checking for updates...
[13:59:26] [Server thread/INFO]: [PvPManager] No update found
[13:59:26] [Craft Scheduler Thread - 4/INFO]: [Vault] Checking for Updates ... 
[13:59:27] [Server thread/INFO]: philboy_YT[/192.168.1.123:59216] logged in with entity id 177 at ([world]579.4996718050922, 54.0, 943.8332471814974)
[13:59:27] [Craft Scheduler Thread - 4/INFO]: [Vault] No new version available
[13:59:27] [Server thread/INFO]: [SurvivalGames] Loading Arena: 1
[13:59:27] [Server thread/INFO]: [SurvivalGames] 154 6 4
[13:59:27] [Server thread/INFO]: [SurvivalGames] 105 3 -124
[13:59:27] [Server thread/INFO]: [SurvivalGames] Location{world=CraftWorld{name=QSG},x=154.0,y=6.0,z=4.0,pitch=0.0,yaw=0.0}
[13:59:27] [Server thread/INFO]: [SurvivalGames] Location{world=CraftWorld{name=QSG},x=105.0,y=3.0,z=-124.0,pitch=0.0,yaw=0.0}
[13:59:27] [Server thread/INFO]: ItemStack{NETHER_STAR x 1}
[13:59:27] [Server thread/INFO]: sharpness:4
[13:59:27] [Server thread/INFO]: ItemStack{PAPER x 1}
[13:59:27] [Server thread/INFO]: fire:2
[13:59:38] [Server thread/INFO]: philboy_YT issued server command: /gamemode 1
[13:59:38] [Server thread/INFO]: [philboy_YT: Set own game mode to Creative Mode]
[14:01:30] [Server thread/INFO]: philboy_YT issued server command: /pl
[14:05:30] [Server thread/INFO]: philboy_YT lost connection: Disconnected
[14:06:46] [User Authenticator #2/INFO]: UUID of player philboy_YT is da841a65-ba7f-4a46-9e78-b7e678c4cb44
[14:06:46] [Server thread/INFO]: philboy_YT[/192.168.1.123:59368] logged in with entity id 12837 at ([world]568.7742594577123, 54.0, 937.0081181750088)
[14:06:49] [Craft Scheduler Thread - 4/INFO]: [SG]Checking for updates
[14:06:49] [Craft Scheduler Thread - 4/WARN]: [SurvivalGames] [SurvivalGames] could not check for updates.
[14:14:36] [Server thread/INFO]: philboy_YT issued server command: /hivejump
[14:14:42] [Server thread/INFO]: philboy_YT issued server command: /hivejump
[14:16:06] [Server thread/INFO]: philboy_YT issued server command: /gamemode 1
[14:16:06] [Server thread/INFO]: [philboy_YT: Set own game mode to Creative Mode]
[14:16:11] [Server thread/INFO]: philboy_YT issued server command: /gamerule
[14:16:23] [Server thread/INFO]: philboy_YT issued server command: /gamerule gamemode 2
[14:16:23] [Server thread/INFO]: [philboy_YT: Game rule has been updated]
[14:16:31] [Server thread/INFO]: philboy_YT lost connection: Disconnected
[14:16:33] [User Authenticator #3/INFO]: UUID of player philboy_YT is da841a65-ba7f-4a46-9e78-b7e678c4cb44
[14:16:33] [Server thread/INFO]: philboy_YT[/192.168.1.123:59728] logged in with entity id 15238 at ([world]571.9596642937514, 54.0, 942.5034486337321)
[14:16:36] [Craft Scheduler Thread - 7/INFO]: [SG]Checking for updates
[14:16:36] [Craft Scheduler Thread - 7/WARN]: [SurvivalGames] [SurvivalGames] could not check for updates.
[14:16:40] [Server thread/INFO]: philboy_YT issued server command: /gamerule gamemode 2
[14:16:40] [Server thread/INFO]: [philboy_YT: Game rule has been updated]
[14:16:41] [Server thread/INFO]: philboy_YT issued server command: /gamerule gamemode 2
[14:16:41] [Server thread/INFO]: [philboy_YT: Game rule has been updated]
[14:16:41] [Server thread/INFO]: philboy_YT issued server command: /gamerule gamemode 2
[14:16:41] [Server thread/INFO]: [philboy_YT: Game rule has been updated]
[14:16:42] [Server thread/INFO]: philboy_YT issued server command: /gamerule gamemode 2
[14:16:42] [Server thread/INFO]: [philboy_YT: Game rule has been updated]
[14:16:57] [Server thread/INFO]: philboy_YT issued server command: /deop philboy_YT
[14:16:57] [Server thread/INFO]: [philboy_YT: De-opped philboy_YT]
[14:17:15] [Server thread/INFO]: philboy_YT issued server command: /gamemode 1
[14:17:21] [Server thread/INFO]: Opped philboy_YT
[14:17:24] [Server thread/INFO]: Opped philboy_YT
[14:19:35] [Server thread/INFO]: philboy_YT lost connection: Disconnected
